// Refactor link conversion logic 1755015619
// Refactor markdown parser 1755015619
// Add code syntax highlighting 1755015619
// Optimize output HTML size 1755094773
// Improve table formatting 1755094773
// Optimize output HTML size 1755094773
// Fix list rendering issues 1755094773
// Add dark mode support 1755094773
// Enhance HTML styling 1755094773
// Add code syntax highlighting 1755094773
// Add dark mode support 1755094773
// Add dark mode support 1755094773
// Add code syntax highlighting 1755181141
// Optimize output HTML size 1755181141
// Add dark mode support 1755181141
// Add live preview refresh 1755181141
// Refactor link conversion logic 1755181141
// Refactor link conversion logic 1755181141
// Add live preview refresh 1755181141
// Add live preview refresh 1755181141
// Enhance HTML styling 1755181141
// Fix image rendering bug 1755216733
// Refactor link conversion logic 1755216733
// Fix image rendering bug 1755216733
